# JRE version: OpenJDK Runtime Environment JBR-11.0.15.10-2043.56-jcef (11.0.15+10) (build 11.0.15+10-b2043.56)
# Java VM: OpenJDK 64-Bit Server VM JBR-11.0.15.10-2043.56-jcef (11.0.15+10-b2043.56, mixed mode, tiered, compressed oops, g1 gc, windows-amd64)
Heap:
 garbage-first heap   total 131072K, used 12485K [0x00000000d1200000, 0x0000000100000000)
  region size 1024K, 8 young (8192K), 0 survivors (0K)
 Metaspace       used 17347K, capacity 17749K, committed 18688K, reserved 1067008K
  class space    used 1641K, capacity 1768K, committed 2048K, reserved 1048576K
GC Heap History (20 events):
Event: 36001.903 GC heap before
{Heap before GC invocations=10 (full 9):
 garbage-first heap   total 131072K, used 10436K [0x00000000d1200000, 0x0000000100000000)
  region size 1024K, 6 young (6144K), 0 survivors (0K)
 Metaspace       used 17332K, capacity 17744K, committed 18688K, reserved 1067008K
  class space    used 1641K, capacity 1768K, committed 2048K, reserved 1048576K
}
Event: 36001.922 GC heap after
{Heap after GC invocations=11 (full 10):
 garbage-first heap   total 131072K, used 5316K [0x00000000d1200000, 0x0000000100000000)
  region size 1024K, 0 young (0K), 0 survivors (0K)
 Metaspace       used 17332K, capacity 17744K, committed 18688K, reserved 1067008K
  class space    used 1641K, capacity 1768K, committed 2048K, reserved 1048576K
}
Event: 39601.923 GC heap before
{Heap before GC invocations=11 (full 10):
 garbage-first heap   total 131072K, used 10436K [0x00000000d1200000, 0x0000000100000000)
  region size 1024K, 6 young (6144K), 0 survivors (0K)
 Metaspace       used 17332K, capacity 17744K, committed 18688K, reserved 1067008K
  class space    used 1641K, capacity 1768K, committed 2048K, reserved 1048576K
}
Event: 39601.946 GC heap after
{Heap after GC invocations=12 (full 11):
 garbage-first heap   total 131072K, used 5316K [0x00000000d1200000, 0x0000000100000000)
  region size 1024K, 0 young (0K), 0 survivors (0K)
 Metaspace       used 17332K, capacity 17744K, committed 18688K, reserved 1067008K
  class space    used 1641K, capacity 1768K, committed 2048K, reserved 1048576K
}
Event: 43201.947 GC heap before
{Heap before GC invocations=12 (full 11):
 garbage-first heap   total 131072K, used 10436K [0x00000000d1200000, 0x0000000100000000)
  region size 1024K, 6 young (6144K), 0 survivors (0K)
 Metaspace       used 17332K, capacity 17744K, committed 18688K, reserved 1067008K
  class space    used 1641K, capacity 1768K, committed 2048K, reserved 1048576K
}
Event: 43201.963 GC heap after
{Heap after GC invocations=13 (full 12):
 garbage-first heap   total 131072K, used 5316K [0x00000000d1200000, 0x0000000100000000)
  region size 1024K, 0 young (0K), 0 survivors (0K)
 Metaspace       used 17332K, capacity 17744K, committed 18688K, reserved 1067008K
  class space    used 1641K, capacity 1768K, committed 2048K, reserved 1048576K
}
Event: 46801.964 GC heap before
{Heap before GC invocations=13 (full 12):
 garbage-first heap   total 131072K, used 12484K [0x00000000d1200000, 0x0000000100000000)
  region size 1024K, 8 young (8192K), 0 survivors (0K)
 Metaspace       used 17334K, capacity 17744K, committed 18688K, reserved 1067008K
  class space    used 1641K, capacity 1768K, committed 2048K, reserved 1048576K
}
Event: 46801.993 GC heap after
{Heap after GC invocations=14 (full 13):
 garbage-first heap   total 131072K, used 5316K [0x00000000d1200000, 0x0000000100000000)
  region size 1024K, 0 young (0K), 0 survivors (0K)
 Metaspace       used 17334K, capacity 17744K, committed 18688K, reserved 1067008K
  class space    used 1641K, capacity 1768K, committed 2048K, reserved 1048576K
}
Event: 50402.000 GC heap before
{Heap before GC invocations=14 (full 13):
 garbage-first heap   total 131072K, used 11460K [0x00000000d1200000, 0x0000000100000000)
  region size 1024K, 7 young (7168K), 0 survivors (0K)
 Metaspace       used 17337K, capacity 17744K, committed 18688K, reserved 1067008K
  class space    used 1641K, capacity 1768K, committed 2048K, reserved 1048576K
}
Event: 50402.051 GC heap after
{Heap after GC invocations=15 (full 14):
 garbage-first heap   total 131072K, used 5316K [0x00000000d1200000, 0x0000000100000000)
  region size 1024K, 0 young (0K), 0 survivors (0K)
 Metaspace       used 17337K, capacity 17744K, committed 18688K, reserved 1067008K
  class space    used 1641K, capacity 1768K, committed 2048K, reserved 1048576K
}
Event: 54002.063 GC heap before
{Heap before GC invocations=15 (full 14):
 garbage-first heap   total 131072K, used 11460K [0x00000000d1200000, 0x0000000100000000)
  region size 1024K, 7 young (7168K), 0 survivors (0K)
 Metaspace       used 17346K, capacity 17749K, committed 18688K, reserved 1067008K
  class space    used 1641K, capacity 1768K, committed 2048K, reserved 1048576K
}
Event: 54002.107 GC heap after
{Heap after GC invocations=16 (full 15):
 garbage-first heap   total 131072K, used 5316K [0x00000000d1200000, 0x0000000100000000)
  region size 1024K, 0 young (0K), 0 survivors (0K)
 Metaspace       used 17346K, capacity 17749K, committed 18688K, reserved 1067008K
  class space    used 1641K, capacity 1768K, committed 2048K, reserved 1048576K
}
Event: 57602.108 GC heap before
{Heap before GC invocations=16 (full 15):
 garbage-first heap   total 131072K, used 12484K [0x00000000d1200000, 0x0000000100000000)
  region size 1024K, 8 young (8192K), 0 survivors (0K)
 Metaspace       used 17347K, capacity 17749K, committed 18688K, reserved 1067008K
  class space    used 1641K, capacity 1768K, committed 2048K, reserved 1048576K
}
Event: 57602.119 GC heap after
{Heap after GC invocations=17 (full 16):
 garbage-first heap   total 131072K, used 5316K [0x00000000d1200000, 0x0000000100000000)
  region size 1024K, 0 young (0K), 0 survivors (0K)
 Metaspace       used 17347K, capacity 17749K, committed 18688K, reserved 1067008K
  class space    used 1641K, capacity 1768K, committed 2048K, reserved 1048576K
}
Event: 61202.120 GC heap before
{Heap before GC invocations=17 (full 16):
 garbage-first heap   total 131072K, used 11460K [0x00000000d1200000, 0x0000000100000000)
  region size 1024K, 7 young (7168K), 0 survivors (0K)
 Metaspace       used 17347K, capacity 17749K, committed 18688K, reserved 1067008K
  class space    used 1641K, capacity 1768K, committed 2048K, reserved 1048576K
}
Event: 61202.163 GC heap after
{Heap after GC invocations=18 (full 17):
 garbage-first heap   total 131072K, used 5316K [0x00000000d1200000, 0x0000000100000000)
  region size 1024K, 0 young (0K), 0 survivors (0K)
 Metaspace       used 17347K, capacity 17749K, committed 18688K, reserved 1067008K
  class space    used 1641K, capacity 1768K, committed 2048K, reserved 1048576K
}
Event: 64802.164 GC heap before
{Heap before GC invocations=18 (full 17):
 garbage-first heap   total 131072K, used 10436K [0x00000000d1200000, 0x0000000100000000)
  region size 1024K, 6 young (6144K), 0 survivors (0K)
 Metaspace       used 17347K, capacity 17749K, committed 18688K, reserved 1067008K
  class space    used 1641K, capacity 1768K, committed 2048K, reserved 1048576K
}
Event: 64802.189 GC heap after
{Heap after GC invocations=19 (full 18):
 garbage-first heap   total 131072K, used 5317K [0x00000000d1200000, 0x0000000100000000)
  region size 1024K, 0 young (0K), 0 survivors (0K)
 Metaspace       used 17347K, capacity 17749K, committed 18688K, reserved 1067008K
  class space    used 1641K, capacity 1768K, committed 2048K, reserved 1048576K
}
Event: 68402.192 GC heap before
{Heap before GC invocations=19 (full 18):
 garbage-first heap   total 131072K, used 12485K [0x00000000d1200000, 0x0000000100000000)
  region size 1024K, 8 young (8192K), 0 survivors (0K)
 Metaspace       used 17347K, capacity 17749K, committed 18688K, reserved 1067008K
  class space    used 1641K, capacity 1768K, committed 2048K, reserved 1048576K
}
Event: 68402.224 GC heap after
{Heap after GC invocations=20 (full 19):
 garbage-first heap   total 131072K, used 5317K [0x00000000d1200000, 0x0000000100000000)
  region size 1024K, 0 young (0K), 0 survivors (0K)
 Metaspace       used 17347K, capacity 17749K, committed 18688K, reserved 1067008K
  class space    used 1641K, capacity 1768K, committed 2048K, reserved 1048576K
}

